<?xml version="1.0" encoding="UTF-8"?>
<testng-results skipped="0" failed="0" ignored="0" total="1" passed="1">
  <reporter-output>
  </reporter-output>
  <suite name="Default suite" duration-ms="26191" started-at="2020-06-02T06:54:49Z" finished-at="2020-06-02T06:55:15Z">
    <groups>
    </groups>
    <test name="Default test" duration-ms="26191" started-at="2020-06-02T06:54:49Z" finished-at="2020-06-02T06:55:15Z">
      <class name="MobileBrowserAutomation.Launch_Browser">
        <test-method status="PASS" signature="OpenApp()[pri:0, instance:MobileBrowserAutomation.Launch_Browser@5ed828d]" name="OpenApp" is-config="true" duration-ms="18576" started-at="2020-06-02T06:54:49Z" finished-at="2020-06-02T06:55:07Z">
          <reporter-output>
          </reporter-output>
        </test-method> <!-- OpenApp -->
        <test-method status="PASS" signature="openfacebook()[pri:0, instance:MobileBrowserAutomation.Launch_Browser@5ed828d]" name="openfacebook" duration-ms="7596" started-at="2020-06-02T06:55:07Z" finished-at="2020-06-02T06:55:15Z">
          <reporter-output>
          </reporter-output>
        </test-method> <!-- openfacebook -->
      </class> <!-- MobileBrowserAutomation.Launch_Browser -->
    </test> <!-- Default test -->
  </suite> <!-- Default suite -->
</testng-results>
